<?xml version="1.0" encoding="UTF-8"?>
<!-- Generated by org.testng.reporters.JUnitReportReporter -->
<testsuite skipped="0" hostname="DESKTOP-1IO8JC1" name="com.qa.testcases.TC003_GET_REQUEST" tests="1" failures="0" timestamp="19 Sep 2019 10:45:32 GMT" time="4.649" errors="0">
  <testcase name="googleMapTest" time="4.649" classname="com.qa.testcases.TC003_GET_REQUEST"/>
</testsuite> <!-- com.qa.testcases.TC003_GET_REQUEST -->
