<?xml version="1.0" encoding="UTF-8"?>
<!-- Generated by org.testng.reporters.JUnitReportReporter -->
<testsuite skipped="0" hostname="DESKTOP-1IO8JC1" name="com.qa.testcases.TC004_GET_REQUEST_GET_ALL_HEADERS" tests="1" failures="0" timestamp="19 Sep 2019 11:05:35 GMT" time="4.039" errors="0">
  <testcase name="getALlHeaders" time="4.039" classname="com.qa.testcases.TC004_GET_REQUEST_GET_ALL_HEADERS"/>
</testsuite> <!-- com.qa.testcases.TC004_GET_REQUEST_GET_ALL_HEADERS -->
