<?xml version="1.0" encoding="UTF-8"?>
<!-- Generated by org.testng.reporters.JUnitReportReporter -->
<testsuite skipped="0" hostname="DESKTOP-1IO8JC1" name="com.qa.testcases.TC006_GET_REQUEST_ExtractEachValueFromJSONResponse" tests="1" failures="0" timestamp="19 Sep 2019 11:29:04 GMT" time="7.115" errors="0">
  <testcase name="ExtractEachValueFromJSonResponse" time="7.115" classname="com.qa.testcases.TC006_GET_REQUEST_ExtractEachValueFromJSONResponse"/>
</testsuite> <!-- com.qa.testcases.TC006_GET_REQUEST_ExtractEachValueFromJSONResponse -->
