<?xml version="1.0" encoding="UTF-8"?>
<!-- Generated by org.testng.reporters.JUnitReportReporter -->
<testsuite skipped="0" hostname="DESKTOP-1IO8JC1" name="com.qa.testcases.TC001_GET_REQUEST" tests="1" failures="0" timestamp="19 Sep 2019 10:18:44 GMT" time="6.634" errors="0">
  <testcase name="getWeatherDetails" time="6.634" classname="com.qa.testcases.TC001_GET_REQUEST"/>
</testsuite> <!-- com.qa.testcases.TC001_GET_REQUEST -->
