<?xml version="1.0" encoding="UTF-8"?>
<!-- Generated by org.testng.reporters.JUnitReportReporter -->
<testsuite skipped="0" hostname="DESKTOP-1IO8JC1" name="com.qa.testcases.TC002_POST_REQUEST" tests="1" failures="0" timestamp="17 Sep 2019 12:25:56 GMT" time="5.783" errors="0">
  <testcase name="RegistrationSuccessful" time="5.783" classname="com.qa.testcases.TC002_POST_REQUEST"/>
</testsuite> <!-- com.qa.testcases.TC002_POST_REQUEST -->
