<?xml version="1.0" encoding="UTF-8"?>
<!-- Generated by org.testng.reporters.JUnitReportReporter -->
<testsuite skipped="0" hostname="DESKTOP-1IO8JC1" name="com.qa.testcases.TC007_GET_REQUEST_Authorization" tests="1" failures="0" timestamp="19 Sep 2019 13:41:26 GMT" time="4.616" errors="0">
  <testcase name="Authorization" time="4.616" classname="com.qa.testcases.TC007_GET_REQUEST_Authorization"/>
</testsuite> <!-- com.qa.testcases.TC007_GET_REQUEST_Authorization -->
